<?xml version="1.0" encoding="UTF-8"?>
<!-- Generated by org.testng.reporters.JUnitXMLReporter -->
<testsuite ignored="0" hostname="PT-PF3LKH6F" failures="1" tests="1" name="Test" time="4.634" errors="0" timestamp="2023-12-12T07:35:34 WET">
  <testcase classname="automation.prectise.testcases.TC_Login_01" name="login" time="0.198">
    <failure type="java.lang.AssertionError" message="Element is display expected [false] but found [true]">
      <![CDATA[java.lang.AssertionError: Element is display expected [false] but found [true]
at automation.prectise.pageObjects.LoginPage.enterUsername(LoginPage.java:27)
at automation.prectise.testcases.TC_Login_01.login(TC_Login_01.java:20)
at java.base/java.util.ArrayList.forEach(ArrayList.java:1596)
at java.base/java.util.concurrent.FutureTask.run(FutureTask.java:317)
at java.base/java.util.concurrent.ThreadPoolExecutor.runWorker(ThreadPoolExecutor.java:1144)
at java.base/java.util.concurrent.ThreadPoolExecutor$Worker.run(ThreadPoolExecutor.java:642)
at java.base/java.lang.Thread.run(Thread.java:1583)
... Removed 18 stack frames]]>
    </failure>
  </testcase> <!-- login -->
</testsuite> <!-- Test -->
