<?xml version="1.0" encoding="UTF-8"?>
<testng-results ignored="0" total="2" passed="2" failed="0" skipped="0">
  <reporter-output>
  </reporter-output>
  <suite started-at="2023-12-13T20:03:25 WET" name="Default suite" finished-at="2023-12-13T20:03:50 WET" duration-ms="24372">
    <groups>
    </groups>
    <test started-at="2023-12-13T20:03:25 WET" name="Default test" finished-at="2023-12-13T20:03:50 WET" duration-ms="24372">
      <class name="automation.api.Morroco">
        <test-method is-config="true" signature="setUp()[pri:0, instance:automation.api.Morroco@4c583ecf]" started-at="2023-12-13T20:03:25 WET" name="setUp" finished-at="2023-12-13T20:03:25 WET" duration-ms="9" status="PASS">
          <reporter-output>
          </reporter-output>
        </test-method> <!-- setUp -->
        <test-method signature="getFinalScore()[pri:0, instance:automation.api.Morroco@4c583ecf]" started-at="2023-12-13T20:03:25 WET" name="getFinalScore" finished-at="2023-12-13T20:03:49 WET" duration-ms="23874" status="PASS">
          <reporter-output>
          </reporter-output>
        </test-method> <!-- getFinalScore -->
        <test-method signature="getRequest()[pri:0, instance:automation.api.Morroco@4c583ecf]" started-at="2023-12-13T20:03:49 WET" name="getRequest" finished-at="2023-12-13T20:03:50 WET" duration-ms="454" status="PASS">
          <reporter-output>
          </reporter-output>
        </test-method> <!-- getRequest -->
      </class> <!-- automation.api.Morroco -->
    </test> <!-- Default test -->
  </suite> <!-- Default suite -->
</testng-results>
